2019/05/03 12:46:56 [error] [php] Illegal string offset 'name' (/var/www/vhosts/websites/hrbo/protected/vendor/ydl/sanitizer/Validator.class.php:48)
Stack trace:
#0 /var/www/vhosts/websites/hrbo/protected/controllers/SiteController.php(100): SiteController->getParam()
#1 /var/www/vhosts/websites/hrbo/yii/yii-1.1.21/framework/web/actions/CInlineAction.php(49): SiteController->actionLogin()
#2 /var/www/vhosts/websites/hrbo/yii/yii-1.1.21/framework/web/CController.php(308): CInlineAction->runWithParams()
#3 /var/www/vhosts/websites/hrbo/yii/yii-1.1.21/framework/web/filters/CFilterChain.php(134): SiteController->runAction()
#4 /var/www/vhosts/websites/hrbo/yii/yii-1.1.21/framework/web/filters/CFilter.php(40): CFilterChain->run()
#5 /var/www/vhosts/websites/hrbo/yii/yii-1.1.21/framework/web/CController.php(1148): CAccessControlFilter->filter()
#6 /var/www/vhosts/websites/hrbo/yii/yii-1.1.21/framework/web/filters/CInlineFilter.php(58): SiteController->filterAccessControl()
#7 /var/www/vhosts/websites/hrbo/yii/yii-1.1.21/framework/web/filters/CFilterChain.php(131): CInlineFilter->filter()
#8 /var/www/vhosts/websites/hrbo/yii/yii-1.1.21/framework/web/CController.php(291): CFilterChain->run()
#9 /var/www/vhosts/websites/hrbo/yii/yii-1.1.21/framework/web/CController.php(265): SiteController->runActionWithFilters()
#10 /var/www/vhosts/websites/hrbo/yii/yii-1.1.21/framework/web/CWebApplication.php(282): SiteController->run()
#11 /var/www/vhosts/websites/hrbo/yii/yii-1.1.21/framework/web/CWebApplication.php(141): CWebApplication->runController()
#12 /var/www/vhosts/websites/hrbo/yii/yii-1.1.21/framework/base/CApplication.php(185): CWebApplication->processRequest()
#13 /var/www/vhosts/websites/hrbo/webroot/index.php(9): CWebApplication->run()
REQUEST_URI=/index.php?r=site/login
2019/05/03 12:47:06 [error] [php] Illegal string offset 'name' (/var/www/vhosts/websites/hrbo/protected/vendor/ydl/sanitizer/Validator.class.php:48)
Stack trace:
#0 /var/www/vhosts/websites/hrbo/protected/controllers/SiteController.php(100): SiteController->getParam()
#1 /var/www/vhosts/websites/hrbo/yii/yii-1.1.21/framework/web/actions/CInlineAction.php(49): SiteController->actionLogin()
#2 /var/www/vhosts/websites/hrbo/yii/yii-1.1.21/framework/web/CController.php(308): CInlineAction->runWithParams()
#3 /var/www/vhosts/websites/hrbo/yii/yii-1.1.21/framework/web/filters/CFilterChain.php(134): SiteController->runAction()
#4 /var/www/vhosts/websites/hrbo/yii/yii-1.1.21/framework/web/filters/CFilter.php(40): CFilterChain->run()
#5 /var/www/vhosts/websites/hrbo/yii/yii-1.1.21/framework/web/CController.php(1148): CAccessControlFilter->filter()
#6 /var/www/vhosts/websites/hrbo/yii/yii-1.1.21/framework/web/filters/CInlineFilter.php(58): SiteController->filterAccessControl()
#7 /var/www/vhosts/websites/hrbo/yii/yii-1.1.21/framework/web/filters/CFilterChain.php(131): CInlineFilter->filter()
#8 /var/www/vhosts/websites/hrbo/yii/yii-1.1.21/framework/web/CController.php(291): CFilterChain->run()
#9 /var/www/vhosts/websites/hrbo/yii/yii-1.1.21/framework/web/CController.php(265): SiteController->runActionWithFilters()
#10 /var/www/vhosts/websites/hrbo/yii/yii-1.1.21/framework/web/CWebApplication.php(282): SiteController->run()
#11 /var/www/vhosts/websites/hrbo/yii/yii-1.1.21/framework/web/CWebApplication.php(141): CWebApplication->runController()
#12 /var/www/vhosts/websites/hrbo/yii/yii-1.1.21/framework/base/CApplication.php(185): CWebApplication->processRequest()
#13 /var/www/vhosts/websites/hrbo/webroot/index.php(9): CWebApplication->run()
REQUEST_URI=/index.php?r=site/login
2019/05/03 12:49:17 [error] [php] Illegal string offset 'name' (/var/www/vhosts/websites/hrbo/protected/vendor/ydl/sanitizer/Validator.class.php:48)
Stack trace:
#0 /var/www/vhosts/websites/hrbo/protected/controllers/SiteController.php(100): SiteController->getParam()
#1 /var/www/vhosts/websites/hrbo/yii/yii-1.1.21/framework/web/actions/CInlineAction.php(49): SiteController->actionLogin()
#2 /var/www/vhosts/websites/hrbo/yii/yii-1.1.21/framework/web/CController.php(308): CInlineAction->runWithParams()
#3 /var/www/vhosts/websites/hrbo/yii/yii-1.1.21/framework/web/filters/CFilterChain.php(134): SiteController->runAction()
#4 /var/www/vhosts/websites/hrbo/yii/yii-1.1.21/framework/web/filters/CFilter.php(40): CFilterChain->run()
#5 /var/www/vhosts/websites/hrbo/yii/yii-1.1.21/framework/web/CController.php(1148): CAccessControlFilter->filter()
#6 /var/www/vhosts/websites/hrbo/yii/yii-1.1.21/framework/web/filters/CInlineFilter.php(58): SiteController->filterAccessControl()
#7 /var/www/vhosts/websites/hrbo/yii/yii-1.1.21/framework/web/filters/CFilterChain.php(131): CInlineFilter->filter()
#8 /var/www/vhosts/websites/hrbo/yii/yii-1.1.21/framework/web/CController.php(291): CFilterChain->run()
#9 /var/www/vhosts/websites/hrbo/yii/yii-1.1.21/framework/web/CController.php(265): SiteController->runActionWithFilters()
#10 /var/www/vhosts/websites/hrbo/yii/yii-1.1.21/framework/web/CWebApplication.php(282): SiteController->run()
#11 /var/www/vhosts/websites/hrbo/yii/yii-1.1.21/framework/web/CWebApplication.php(141): CWebApplication->runController()
#12 /var/www/vhosts/websites/hrbo/yii/yii-1.1.21/framework/base/CApplication.php(185): CWebApplication->processRequest()
#13 /var/www/vhosts/websites/hrbo/webroot/index.php(9): CWebApplication->run()
REQUEST_URI=/index.php?r=site/login
2019/05/03 12:55:02 [error] [php] Illegal string offset 'name' (/var/www/vhosts/websites/hrbo/protected/vendor/ydl/sanitizer/Validator.class.php:48)
Stack trace:
#0 /var/www/vhosts/websites/hrbo/protected/controllers/SiteController.php(100): SiteController->getParam()
#1 /var/www/vhosts/websites/hrbo/yii/yii-1.1.21/framework/web/actions/CInlineAction.php(49): SiteController->actionLogin()
#2 /var/www/vhosts/websites/hrbo/yii/yii-1.1.21/framework/web/CController.php(308): CInlineAction->runWithParams()
#3 /var/www/vhosts/websites/hrbo/yii/yii-1.1.21/framework/web/filters/CFilterChain.php(134): SiteController->runAction()
#4 /var/www/vhosts/websites/hrbo/yii/yii-1.1.21/framework/web/filters/CFilter.php(40): CFilterChain->run()
#5 /var/www/vhosts/websites/hrbo/yii/yii-1.1.21/framework/web/CController.php(1148): CAccessControlFilter->filter()
#6 /var/www/vhosts/websites/hrbo/yii/yii-1.1.21/framework/web/filters/CInlineFilter.php(58): SiteController->filterAccessControl()
#7 /var/www/vhosts/websites/hrbo/yii/yii-1.1.21/framework/web/filters/CFilterChain.php(131): CInlineFilter->filter()
#8 /var/www/vhosts/websites/hrbo/yii/yii-1.1.21/framework/web/CController.php(291): CFilterChain->run()
#9 /var/www/vhosts/websites/hrbo/yii/yii-1.1.21/framework/web/CController.php(265): SiteController->runActionWithFilters()
#10 /var/www/vhosts/websites/hrbo/yii/yii-1.1.21/framework/web/CWebApplication.php(282): SiteController->run()
#11 /var/www/vhosts/websites/hrbo/yii/yii-1.1.21/framework/web/CWebApplication.php(141): CWebApplication->runController()
#12 /var/www/vhosts/websites/hrbo/yii/yii-1.1.21/framework/base/CApplication.php(185): CWebApplication->processRequest()
#13 /var/www/vhosts/websites/hrbo/webroot/index.php(9): CWebApplication->run()
REQUEST_URI=/index.php?r=site/login
